2020-04-12 15:33:21.764  INFO 8372 --- [main] s.SpringBootLearning0405ApplicationTests : Starting SpringBootLearning0405ApplicationTests on 朱伟伟 with PID 8372 (started by DELL in E:\idea-project\springbootlearning\spring-boot-learning-0405)
2020-04-12 15:33:21.766  INFO 8372 --- [main] s.SpringBootLearning0405ApplicationTests : The following profiles are active: myDev
2020-04-12 15:33:22.809  INFO 8372 --- [main] s.SpringBootLearning0405ApplicationTests : Started SpringBootLearning0405ApplicationTests in 1.54 seconds (JVM running for 2.863)
2020-04-12 15:33:23.103  INFO 8372 --- [main] c.a.d.s.b.a.DruidDataSourceAutoConfigure : Init DruidDataSource
2020-04-12 15:33:23.552  INFO 8372 --- [main] com.alibaba.druid.pool.DruidDataSource   : {dataSource-1} inited
2020-04-12 15:33:23.875  INFO 8372 --- [SpringContextShutdownHook] com.alibaba.druid.pool.DruidDataSource   : {dataSource-1} closing ...
2020-04-12 15:33:23.879  INFO 8372 --- [SpringContextShutdownHook] com.alibaba.druid.pool.DruidDataSource   : {dataSource-1} closed
2020-04-12 15:33:55.937  INFO 7076 --- [main] s.SpringBootLearning0405ApplicationTests : Starting SpringBootLearning0405ApplicationTests on 朱伟伟 with PID 7076 (started by DELL in E:\idea-project\springbootlearning\spring-boot-learning-0405)
2020-04-12 15:33:55.938  INFO 7076 --- [main] s.SpringBootLearning0405ApplicationTests : The following profiles are active: myDev
2020-04-12 15:33:57.129  INFO 7076 --- [main] s.SpringBootLearning0405ApplicationTests : Started SpringBootLearning0405ApplicationTests in 1.794 seconds (JVM running for 2.822)
2020-04-12 15:33:57.444  INFO 7076 --- [main] c.a.d.s.b.a.DruidDataSourceAutoConfigure : Init DruidDataSource
2020-04-12 15:33:57.916  INFO 7076 --- [main] com.alibaba.druid.pool.DruidDataSource   : {dataSource-1} inited
2020-04-12 15:33:58.166  INFO 7076 --- [SpringContextShutdownHook] com.alibaba.druid.pool.DruidDataSource   : {dataSource-1} closing ...
2020-04-12 15:33:58.171  INFO 7076 --- [SpringContextShutdownHook] com.alibaba.druid.pool.DruidDataSource   : {dataSource-1} closed
2020-04-12 16:01:35.740  INFO 4192 --- [main] s.SpringBootLearning0405ApplicationTests : Starting SpringBootLearning0405ApplicationTests on 朱伟伟 with PID 4192 (started by DELL in E:\idea-project\springbootlearning\spring-boot-learning-0405)
2020-04-12 16:01:35.743  INFO 4192 --- [main] s.SpringBootLearning0405ApplicationTests : The following profiles are active: myDev
2020-04-12 16:01:37.151  INFO 4192 --- [main] s.SpringBootLearning0405ApplicationTests : Started SpringBootLearning0405ApplicationTests in 2.167 seconds (JVM running for 3.579)
2020-04-12 16:01:37.544  INFO 4192 --- [main] c.a.d.s.b.a.DruidDataSourceAutoConfigure : Init DruidDataSource
2020-04-12 16:01:38.056  INFO 4192 --- [main] com.alibaba.druid.pool.DruidDataSource   : {dataSource-1} inited
2020-04-12 16:01:38.347  INFO 4192 --- [SpringContextShutdownHook] com.alibaba.druid.pool.DruidDataSource   : {dataSource-1} closing ...
2020-04-12 16:01:38.357  INFO 4192 --- [SpringContextShutdownHook] com.alibaba.druid.pool.DruidDataSource   : {dataSource-1} closed
2020-04-12 16:01:46.673  INFO 10144 --- [main] s.SpringBootLearning0405ApplicationTests : Starting SpringBootLearning0405ApplicationTests on 朱伟伟 with PID 10144 (started by DELL in E:\idea-project\springbootlearning\spring-boot-learning-0405)
2020-04-12 16:01:46.676  INFO 10144 --- [main] s.SpringBootLearning0405ApplicationTests : The following profiles are active: myDev
2020-04-12 16:01:48.137  INFO 10144 --- [main] s.SpringBootLearning0405ApplicationTests : Started SpringBootLearning0405ApplicationTests in 2.18 seconds (JVM running for 3.675)
2020-04-12 16:01:48.502  INFO 10144 --- [main] c.a.d.s.b.a.DruidDataSourceAutoConfigure : Init DruidDataSource
2020-04-12 16:01:49.048  INFO 10144 --- [main] com.alibaba.druid.pool.DruidDataSource   : {dataSource-1} inited
2020-04-12 16:02:09.845  INFO 10144 --- [SpringContextShutdownHook] com.alibaba.druid.pool.DruidDataSource   : {dataSource-1} closing ...
2020-04-12 16:02:09.856  INFO 10144 --- [SpringContextShutdownHook] com.alibaba.druid.pool.DruidDataSource   : {dataSource-1} closed
2020-04-12 18:20:55.485  INFO 3184 --- [main] s.SpringBootLearning0405ApplicationTests : Starting SpringBootLearning0405ApplicationTests on 朱伟伟 with PID 3184 (started by DELL in E:\idea-project\springbootlearning\spring-boot-learning-0405)
2020-04-12 18:20:55.487  INFO 3184 --- [main] s.SpringBootLearning0405ApplicationTests : The following profiles are active: myDev
2020-04-12 18:20:56.530  INFO 3184 --- [main] c.a.d.s.b.a.DruidDataSourceAutoConfigure : Init DruidDataSource
2020-04-12 18:20:57.052  INFO 3184 --- [main] com.alibaba.druid.pool.DruidDataSource   : {dataSource-1} inited
2020-04-12 18:20:57.271  INFO 3184 --- [main] s.SpringBootLearning0405ApplicationTests : Started SpringBootLearning0405ApplicationTests in 2.392 seconds (JVM running for 3.449)
2020-04-12 18:20:57.804  INFO 3184 --- [SpringContextShutdownHook] com.alibaba.druid.pool.DruidDataSource   : {dataSource-1} closing ...
2020-04-12 18:20:57.809  INFO 3184 --- [SpringContextShutdownHook] com.alibaba.druid.pool.DruidDataSource   : {dataSource-1} closed
2020-04-12 18:22:27.900  INFO 2448 --- [main] s.SpringBootLearning0405ApplicationTests : Starting SpringBootLearning0405ApplicationTests on 朱伟伟 with PID 2448 (started by DELL in E:\idea-project\springbootlearning\spring-boot-learning-0405)
2020-04-12 18:22:27.902  INFO 2448 --- [main] s.SpringBootLearning0405ApplicationTests : The following profiles are active: myDev
2020-04-12 18:22:29.052  INFO 2448 --- [main] c.a.d.s.b.a.DruidDataSourceAutoConfigure : Init DruidDataSource
2020-04-12 18:22:29.577  INFO 2448 --- [main] com.alibaba.druid.pool.DruidDataSource   : {dataSource-1} inited
2020-04-12 18:22:29.819  INFO 2448 --- [main] s.SpringBootLearning0405ApplicationTests : Started SpringBootLearning0405ApplicationTests in 2.633 seconds (JVM running for 3.669)
2020-04-12 18:22:30.412  INFO 2448 --- [SpringContextShutdownHook] com.alibaba.druid.pool.DruidDataSource   : {dataSource-1} closing ...
2020-04-12 18:22:30.417  INFO 2448 --- [SpringContextShutdownHook] com.alibaba.druid.pool.DruidDataSource   : {dataSource-1} closed
2020-04-12 18:23:02.272  INFO 9668 --- [main] s.SpringBootLearning0405ApplicationTests : Starting SpringBootLearning0405ApplicationTests on 朱伟伟 with PID 9668 (started by DELL in E:\idea-project\springbootlearning\spring-boot-learning-0405)
2020-04-12 18:23:02.273  INFO 9668 --- [main] s.SpringBootLearning0405ApplicationTests : The following profiles are active: myDev
2020-04-12 18:23:03.367  INFO 9668 --- [main] c.a.d.s.b.a.DruidDataSourceAutoConfigure : Init DruidDataSource
2020-04-12 18:23:03.913  INFO 9668 --- [main] com.alibaba.druid.pool.DruidDataSource   : {dataSource-1} inited
2020-04-12 18:23:04.168  INFO 9668 --- [main] s.SpringBootLearning0405ApplicationTests : Started SpringBootLearning0405ApplicationTests in 2.5 seconds (JVM running for 3.515)
2020-04-12 18:23:04.684  INFO 9668 --- [SpringContextShutdownHook] com.alibaba.druid.pool.DruidDataSource   : {dataSource-1} closing ...
2020-04-12 18:23:04.688  INFO 9668 --- [SpringContextShutdownHook] com.alibaba.druid.pool.DruidDataSource   : {dataSource-1} closed
2020-04-12 18:26:52.046  INFO 4360 --- [main] s.SpringBootLearning0405ApplicationTests : Starting SpringBootLearning0405ApplicationTests on 朱伟伟 with PID 4360 (started by DELL in E:\idea-project\springbootlearning\spring-boot-learning-0405)
2020-04-12 18:26:52.047  INFO 4360 --- [main] s.SpringBootLearning0405ApplicationTests : The following profiles are active: myDev
2020-04-12 18:26:53.219  INFO 4360 --- [main] c.a.d.s.b.a.DruidDataSourceAutoConfigure : Init DruidDataSource
2020-04-12 18:26:53.809  INFO 4360 --- [main] com.alibaba.druid.pool.DruidDataSource   : {dataSource-1} inited
2020-04-12 18:26:54.158  INFO 4360 --- [main] s.SpringBootLearning0405ApplicationTests : Started SpringBootLearning0405ApplicationTests in 2.865 seconds (JVM running for 4.07)
2020-04-12 18:26:54.688  INFO 4360 --- [SpringContextShutdownHook] com.alibaba.druid.pool.DruidDataSource   : {dataSource-1} closing ...
2020-04-12 18:26:54.692  INFO 4360 --- [SpringContextShutdownHook] com.alibaba.druid.pool.DruidDataSource   : {dataSource-1} closed
2020-04-12 18:28:43.672  INFO 4464 --- [main] s.SpringBootLearning0405ApplicationTests : Starting SpringBootLearning0405ApplicationTests on 朱伟伟 with PID 4464 (started by DELL in E:\idea-project\springbootlearning\spring-boot-learning-0405)
2020-04-12 18:28:43.674  INFO 4464 --- [main] s.SpringBootLearning0405ApplicationTests : The following profiles are active: myDev
2020-04-12 18:28:44.724  INFO 4464 --- [main] c.a.d.s.b.a.DruidDataSourceAutoConfigure : Init DruidDataSource
2020-04-12 18:28:45.239  INFO 4464 --- [main] com.alibaba.druid.pool.DruidDataSource   : {dataSource-1} inited
2020-04-12 18:28:45.551  INFO 4464 --- [main] s.SpringBootLearning0405ApplicationTests : Started SpringBootLearning0405ApplicationTests in 2.482 seconds (JVM running for 3.515)
2020-04-12 18:28:46.108  INFO 4464 --- [SpringContextShutdownHook] com.alibaba.druid.pool.DruidDataSource   : {dataSource-1} closing ...
2020-04-12 18:28:46.112  INFO 4464 --- [SpringContextShutdownHook] com.alibaba.druid.pool.DruidDataSource   : {dataSource-1} closed
2020-04-12 18:29:02.134  INFO 8048 --- [main] s.SpringBootLearning0405ApplicationTests : Starting SpringBootLearning0405ApplicationTests on 朱伟伟 with PID 8048 (started by DELL in E:\idea-project\springbootlearning\spring-boot-learning-0405)
2020-04-12 18:29:02.135  INFO 8048 --- [main] s.SpringBootLearning0405ApplicationTests : The following profiles are active: myDev
2020-04-12 18:29:03.210  INFO 8048 --- [main] c.a.d.s.b.a.DruidDataSourceAutoConfigure : Init DruidDataSource
2020-04-12 18:29:03.734  INFO 8048 --- [main] com.alibaba.druid.pool.DruidDataSource   : {dataSource-1} inited
2020-04-12 18:29:04.062  INFO 8048 --- [main] s.SpringBootLearning0405ApplicationTests : Started SpringBootLearning0405ApplicationTests in 2.507 seconds (JVM running for 3.544)
2020-04-12 18:29:04.600  INFO 8048 --- [SpringContextShutdownHook] com.alibaba.druid.pool.DruidDataSource   : {dataSource-1} closing ...
2020-04-12 18:29:04.605  INFO 8048 --- [SpringContextShutdownHook] com.alibaba.druid.pool.DruidDataSource   : {dataSource-1} closed
2020-04-12 18:29:45.050  INFO 5060 --- [main] s.SpringBootLearning0405ApplicationTests : Starting SpringBootLearning0405ApplicationTests on 朱伟伟 with PID 5060 (started by DELL in E:\idea-project\springbootlearning\spring-boot-learning-0405)
2020-04-12 18:29:45.052  INFO 5060 --- [main] s.SpringBootLearning0405ApplicationTests : The following profiles are active: myDev
2020-04-12 18:29:46.166  INFO 5060 --- [main] c.a.d.s.b.a.DruidDataSourceAutoConfigure : Init DruidDataSource
2020-04-12 18:29:46.697  INFO 5060 --- [main] com.alibaba.druid.pool.DruidDataSource   : {dataSource-1} inited
2020-04-12 18:29:46.964  INFO 5060 --- [main] s.SpringBootLearning0405ApplicationTests : Started SpringBootLearning0405ApplicationTests in 2.514 seconds (JVM running for 3.562)
2020-04-12 18:29:47.495  INFO 5060 --- [SpringContextShutdownHook] com.alibaba.druid.pool.DruidDataSource   : {dataSource-1} closing ...
2020-04-12 18:29:47.501  INFO 5060 --- [SpringContextShutdownHook] com.alibaba.druid.pool.DruidDataSource   : {dataSource-1} closed
2020-04-12 18:37:38.123  INFO 8284 --- [main] s.SpringBootLearning0405ApplicationTests : Starting SpringBootLearning0405ApplicationTests on 朱伟伟 with PID 8284 (started by DELL in E:\idea-project\springbootlearning\spring-boot-learning-0405)
2020-04-12 18:37:38.124  INFO 8284 --- [main] s.SpringBootLearning0405ApplicationTests : The following profiles are active: myDev
2020-04-12 18:37:39.170  INFO 8284 --- [main] c.a.d.s.b.a.DruidDataSourceAutoConfigure : Init DruidDataSource
2020-04-12 18:37:39.692  INFO 8284 --- [main] com.alibaba.druid.pool.DruidDataSource   : {dataSource-1} inited
2020-04-12 18:37:39.954  INFO 8284 --- [main] s.SpringBootLearning0405ApplicationTests : Started SpringBootLearning0405ApplicationTests in 2.536 seconds (JVM running for 3.605)
2020-04-12 18:37:40.520  INFO 8284 --- [SpringContextShutdownHook] com.alibaba.druid.pool.DruidDataSource   : {dataSource-1} closing ...
2020-04-12 18:37:40.525  INFO 8284 --- [SpringContextShutdownHook] com.alibaba.druid.pool.DruidDataSource   : {dataSource-1} closed
2020-04-12 18:38:53.720  INFO 792 --- [main] s.SpringBootLearning0405ApplicationTests : Starting SpringBootLearning0405ApplicationTests on 朱伟伟 with PID 792 (started by DELL in E:\idea-project\springbootlearning\spring-boot-learning-0405)
2020-04-12 18:38:53.721  INFO 792 --- [main] s.SpringBootLearning0405ApplicationTests : The following profiles are active: myDev
2020-04-12 18:38:54.821  INFO 792 --- [main] c.a.d.s.b.a.DruidDataSourceAutoConfigure : Init DruidDataSource
2020-04-12 18:38:55.355  INFO 792 --- [main] com.alibaba.druid.pool.DruidDataSource   : {dataSource-1} inited
2020-04-12 18:38:55.611  INFO 792 --- [main] s.SpringBootLearning0405ApplicationTests : Started SpringBootLearning0405ApplicationTests in 2.551 seconds (JVM running for 3.539)
2020-04-12 18:38:56.141  INFO 792 --- [SpringContextShutdownHook] com.alibaba.druid.pool.DruidDataSource   : {dataSource-1} closing ...
2020-04-12 18:38:56.146  INFO 792 --- [SpringContextShutdownHook] com.alibaba.druid.pool.DruidDataSource   : {dataSource-1} closed
2020-04-12 18:43:58.949  INFO 6684 --- [main] s.SpringBootLearning0405ApplicationTests : Starting SpringBootLearning0405ApplicationTests on 朱伟伟 with PID 6684 (started by DELL in E:\idea-project\springbootlearning\spring-boot-learning-0405)
2020-04-12 18:43:58.951  INFO 6684 --- [main] s.SpringBootLearning0405ApplicationTests : The following profiles are active: myDev
2020-04-12 18:44:00.168  INFO 6684 --- [main] c.a.d.s.b.a.DruidDataSourceAutoConfigure : Init DruidDataSource
2020-04-12 18:44:00.689  INFO 6684 --- [main] com.alibaba.druid.pool.DruidDataSource   : {dataSource-1} inited
2020-04-12 18:44:00.941  INFO 6684 --- [main] s.SpringBootLearning0405ApplicationTests : Started SpringBootLearning0405ApplicationTests in 2.62 seconds (JVM running for 3.635)
2020-04-12 18:44:01.446  INFO 6684 --- [SpringContextShutdownHook] com.alibaba.druid.pool.DruidDataSource   : {dataSource-1} closing ...
2020-04-12 18:44:01.451  INFO 6684 --- [SpringContextShutdownHook] com.alibaba.druid.pool.DruidDataSource   : {dataSource-1} closed
2020-04-12 20:05:30.012  INFO 2632 --- [main] s.SpringBootLearning0405ApplicationTests : Starting SpringBootLearning0405ApplicationTests on 朱伟伟 with PID 2632 (started by DELL in E:\idea-project\springbootlearning\spring-boot-learning-0405)
2020-04-12 20:05:30.014  INFO 2632 --- [main] s.SpringBootLearning0405ApplicationTests : The following profiles are active: myDev
2020-04-12 20:05:31.314  INFO 2632 --- [main] c.a.d.s.b.a.DruidDataSourceAutoConfigure : Init DruidDataSource
2020-04-12 20:05:31.902  INFO 2632 --- [main] com.alibaba.druid.pool.DruidDataSource   : {dataSource-1} inited
2020-04-12 20:05:32.199  INFO 2632 --- [main] s.SpringBootLearning0405ApplicationTests : Started SpringBootLearning0405ApplicationTests in 2.846 seconds (JVM running for 4.228)
2020-04-12 20:05:32.820  INFO 2632 --- [SpringContextShutdownHook] com.alibaba.druid.pool.DruidDataSource   : {dataSource-1} closing ...
2020-04-12 20:05:32.826  INFO 2632 --- [SpringContextShutdownHook] com.alibaba.druid.pool.DruidDataSource   : {dataSource-1} closed
2020-04-12 20:06:19.399  INFO 5252 --- [main] s.SpringBootLearning0405ApplicationTests : Starting SpringBootLearning0405ApplicationTests on 朱伟伟 with PID 5252 (started by DELL in E:\idea-project\springbootlearning\spring-boot-learning-0405)
2020-04-12 20:06:19.401  INFO 5252 --- [main] s.SpringBootLearning0405ApplicationTests : The following profiles are active: myDev
2020-04-12 20:06:20.562  INFO 5252 --- [main] c.a.d.s.b.a.DruidDataSourceAutoConfigure : Init DruidDataSource
2020-04-12 20:06:21.087  INFO 5252 --- [main] com.alibaba.druid.pool.DruidDataSource   : {dataSource-1} inited
2020-04-12 20:06:21.373  INFO 5252 --- [main] s.SpringBootLearning0405ApplicationTests : Started SpringBootLearning0405ApplicationTests in 2.681 seconds (JVM running for 3.742)
2020-04-12 20:06:21.902  INFO 5252 --- [SpringContextShutdownHook] com.alibaba.druid.pool.DruidDataSource   : {dataSource-1} closing ...
2020-04-12 20:06:21.905  INFO 5252 --- [SpringContextShutdownHook] com.alibaba.druid.pool.DruidDataSource   : {dataSource-1} closed
2020-04-12 20:11:42.862  INFO 3348 --- [main] s.SpringBootLearning0405ApplicationTests : Starting SpringBootLearning0405ApplicationTests on 朱伟伟 with PID 3348 (started by DELL in E:\idea-project\springbootlearning\spring-boot-learning-0405)
2020-04-12 20:11:42.864  INFO 3348 --- [main] s.SpringBootLearning0405ApplicationTests : The following profiles are active: myDev
2020-04-12 20:11:43.975  INFO 3348 --- [main] c.a.d.s.b.a.DruidDataSourceAutoConfigure : Init DruidDataSource
2020-04-12 20:11:44.444  INFO 3348 --- [main] com.alibaba.druid.pool.DruidDataSource   : {dataSource-1} inited
2020-04-12 20:11:44.679  INFO 3348 --- [main] s.SpringBootLearning0405ApplicationTests : Started SpringBootLearning0405ApplicationTests in 2.433 seconds (JVM running for 3.535)
2020-04-12 20:11:45.239  INFO 3348 --- [SpringContextShutdownHook] com.alibaba.druid.pool.DruidDataSource   : {dataSource-1} closing ...
2020-04-12 20:11:45.248  INFO 3348 --- [SpringContextShutdownHook] com.alibaba.druid.pool.DruidDataSource   : {dataSource-1} closed
2020-04-12 20:13:33.661  INFO 9568 --- [main] s.SpringBootLearning0405ApplicationTests : Starting SpringBootLearning0405ApplicationTests on 朱伟伟 with PID 9568 (started by DELL in E:\idea-project\springbootlearning\spring-boot-learning-0405)
2020-04-12 20:13:33.663  INFO 9568 --- [main] s.SpringBootLearning0405ApplicationTests : The following profiles are active: myDev
2020-04-12 20:13:35.059  INFO 9568 --- [main] c.a.d.s.b.a.DruidDataSourceAutoConfigure : Init DruidDataSource
2020-04-12 20:13:35.477  INFO 9568 --- [main] com.alibaba.druid.pool.DruidDataSource   : {dataSource-1} inited
2020-04-12 20:13:36.089  INFO 9568 --- [main] o.s.s.concurrent.ThreadPoolTaskExecutor  : Initializing ExecutorService 'applicationTaskExecutor'
2020-04-12 20:13:36.186  INFO 9568 --- [main] o.s.b.a.w.s.WelcomePageHandlerMapping    : Adding welcome page template: index
2020-04-12 20:13:36.576  INFO 9568 --- [main] s.SpringBootLearning0405ApplicationTests : Started SpringBootLearning0405ApplicationTests in 3.589 seconds (JVM running for 4.622)
2020-04-12 20:13:37.100  INFO 9568 --- [SpringContextShutdownHook] o.s.s.concurrent.ThreadPoolTaskExecutor  : Shutting down ExecutorService 'applicationTaskExecutor'
2020-04-12 20:13:37.102  INFO 9568 --- [SpringContextShutdownHook] com.alibaba.druid.pool.DruidDataSource   : {dataSource-1} closing ...
2020-04-12 20:13:37.113  INFO 9568 --- [SpringContextShutdownHook] com.alibaba.druid.pool.DruidDataSource   : {dataSource-1} closed
